n 2.7432000637054443 -12.168000221252441 8.530400276184082 1.659999966621399
n 3.3095600605010986 -15.219300270080566 8.530400276184082 1.524999976158142
n 3.624239921569824 -16.91469955444336 8.530400276184082 1.940000057220459
n 3.624239921569824 -16.91469955444336 8.530400276184082 0.6949999928474426
n 15.108599662780762 -16.076400756835938 1.3417600393295288 0.6949999928474426
n 18.3080997467041 -15.809900283813477 -0.5266199707984924 0.5550000071525574
n 22.18429946899414 -15.623600006103516 -2.270430088043213 0.5550000071525574
n 25.048500061035156 -15.612500190734863 -3.291249990463257 0.41499999165534973
n 27.815500259399414 -15.67549991607666 -4.044400215148926 0.41499999165534973
n 36.25360107421875 -15.940999984741211 -6.086299896240234 0.41499999165534973
n 40.26559829711914 -16.118200302124023 -6.396039962768555 0.41499999165534973
n 47.03419876098633 -16.257099151611328 -6.841670036315918 0.2750000059604645
n 49.88800048828125 -16.212600708007812 -6.960639953613281 0.2750000059604645
n 54.2578010559082 -16.027700424194336 -6.994480133056641 0.2750000059604645
n 59.467098236083984 -15.594099998474121 -6.81328010559082 0.2750000059604645
n 63.993499755859375 -15.143500328063965 -6.642829895019531 0.2750000059604645
n 66.22270202636719 -14.8572998046875 -6.746210098266602 0.2750000059604645
n 70.52339935302734 -14.19159984588623 -7.2700300216674805 0.2750000059604645
n 73.81719970703125 -13.7076997756958 -7.691549777984619 0.2750000059604645
n 76.22440338134766 -13.428500175476074 -7.996379852294922 0.2750000059604645
n 82.48729705810547 -12.91569995880127 -8.666210174560547 0.2750000059604645
n 85.51820373535156 -12.762399673461914 -8.913069725036621 0.2750000059604645
n 88.60540008544922 -12.62399959564209 -8.911629676818848 0.2750000059604645
n 91.45659637451172 -12.4173002243042 -8.676600456237793 0.2750000059604645
n 93.44200134277344 -12.22070026397705 -8.36104965209961 0.2750000059604645
n 96.09770202636719 -11.897299766540527 -7.918260097503662 0.2750000059604645
n 100.44499969482422 -11.189000129699707 -7.114890098571777 0.2750000059604645
n 106.0739974975586 -10.143199920654297 -6.459630012512207 0.2750000059604645
n 109.5989990234375 -9.361370086669922 -6.254909992218018 0.14000000059604645
n 113.23699951171875 -8.45386028289795 -6.241219997406006 0.2750000059604645
n 119.26100158691406 -6.862800121307373 -6.559589862823486 0.2750000059604645
n 122.53700256347656 -5.918360233306885 -6.9599199295043945 0.2750000059604645
n 126.08899688720703 -4.765830039978027 -7.719299793243408 0.14000000059604645
n 128.23899841308594 -3.9356799125671387 -8.317449569702148 0.2750000059604645
n 129.46400451660156 -3.3752501010894775 -8.647330284118652 0.14000000059604645
n 130.91799926757812 -2.533590078353882 -8.967049598693848 0.2750000059604645
n 132.5050048828125 -1.487280011177063 -9.068389892578125 0.14000000059604645
n 133.92100524902344 -0.5813490152359009 -9.063289642333984 0.14000000059604645
n 135.20899963378906 0.1930530071258545 -8.963600158691406 0.14000000059604645
n 137.3419952392578 1.3978899717330933 -8.821109771728516 0.14000000059604645
n 138.21299743652344 1.8922699689865112 -8.769129753112793 0.14000000059604645
n 142.08799743652344 4.005420207977295 -8.553239822387695 0.5550000071525574
n 143.88400268554688 4.984399795532227 -8.455880165100098 0.14000000059604645
n 145.45799255371094 5.851940155029297 -8.598409652709961 0.14000000059604645
n 147.32699584960938 6.951250076293945 -8.935839653015137 0.14000000059604645
n 150.19200134277344 8.837289810180664 -9.39680004119873 0.14000000059604645
n 153.85699462890625 11.360300064086914 -9.91051959991455 0.14000000059604645
n 156.35299682617188 13.175700187683105 -10.21399974822998 0.14000000059604645
n 163.4600067138672 18.423900604248047 -10.881999969482422 0.14000000059604645
n 165.93099975585938 20.274099349975586 -11.039899826049805 0.14000000059604645
n 170.91799926757812 24.03510093688965 -11.170100212097168 0.41499999165534973
n 172.83200073242188 25.561599731445312 -11.133700370788574 0.41499999165534973
n 175.06199645996094 27.388700485229492 -10.924599647521973 0.14000000059604645
n 176.47300720214844 28.488300323486328 -10.626199722290039 0.14000000059604645
n 177.88299560546875 29.59709930419922 -10.009699821472168 0.14000000059604645
n 179.06300354003906 30.44729995727539 -9.615790367126465 0.2750000059604645
n 180.90899658203125 31.727100372314453 -9.476369857788086 0.14000000059604645
n 182.21200561523438 32.78329849243164 -9.376870155334473 0.14000000059604645
n 183.0500030517578 33.4296989440918 -9.313779830932617 0.14000000059604645
n 3.624239921569824 -16.91469955444336 8.530400276184082 2.0799999237060547
n 4.062809944152832 -18.9906005859375 8.525799751281738 2.0799999237060547
n 4.062809944152832 -18.9906005859375 8.525799751281738 1.2450000047683716
n 1.4973500967025757 -22.259000778198242 -3.8592700958251953 1.2450000047683716
n 0.8362151384353638 -23.101299285888672 -7.050960063934326 1.2450000047683716
n 0.8362151384353638 -23.101299285888672 -7.050960063934326 0.5550000071525574
n -6.5305399894714355 -25.53529930114746 -2.505039930343628 0.5550000071525574
n -8.265899658203125 -26.064699172973633 -1.714269995689392 0.41499999165534973
n -10.744099617004395 -26.7731990814209 -0.9812530279159546 0.41499999165534973
n -14.49839973449707 -27.733699798583984 -0.3044399917125702 0.41499999165534973
n -16.440399169921875 -28.167600631713867 -0.09730219095945358 0.41499999165534973
n -18.90369987487793 -28.686899185180664 0.036087509244680405 0.41499999165534973
n -24.039600372314453 -29.838600158691406 -0.8261579871177673 0.41499999165534973
n -26.843299865722656 -30.430999755859375 -1.0531500577926636 0.41499999165534973
n -28.94809913635254 -30.89459991455078 -0.9198899865150452 0.41499999165534973
n -30.54159927368164 -31.263999938964844 -0.7778739929199219 0.41499999165534973
n -32.398399353027344 -31.8518009185791 -0.295646995306015 0.41499999165534973
n -33.81719970703125 -32.386199951171875 0.23014399409294128 0.41499999165534973
n -39.3754997253418 -34.57780075073242 2.8749899864196777 0.41499999165534973
n -42.540199279785156 -35.845401763916016 4.435500144958496 0.41499999165534973
n -45.86949920654297 -37.281700134277344 6.04872989654541 0.2750000059604645
n -49.17639923095703 -38.829898834228516 7.740200042724609 0.2750000059604645
n -50.69300079345703 -39.50809860229492 8.479180335998535 0.2750000059604645
n -52.33879852294922 -40.174598693847656 9.140649795532227 0.2750000059604645
n -53.40639877319336 -40.58509826660156 9.392370223999023 0.2750000059604645
n -55.06589889526367 -41.226600646972656 9.774860382080078 0.2750000059604645
n -58.52399826049805 -42.64070129394531 11.023799896240234 0.2750000059604645
n -60.18470001220703 -43.3760986328125 11.596799850463867 0.2750000059604645
n -61.23400115966797 -43.94219970703125 12.011099815368652 0.2750000059604645
n -62.1953010559082 -44.505001068115234 12.369199752807617 0.2750000059604645
n -63.715301513671875 -45.358299255371094 12.839200019836426 0.2750000059604645
n -66.94020080566406 -46.93579864501953 13.747599601745605 0.2750000059604645
n -68.56749725341797 -47.655799865722656 14.089300155639648 0.2750000059604645
n -70.46610260009766 -48.45899963378906 14.711299896240234 0.2750000059604645
n -72.48059844970703 -49.212398529052734 15.487799644470215 0.2750000059604645
n -74.30999755859375 -49.806800842285156 16.22920036315918 0.2750000059604645
n -76.38890075683594 -50.42620086669922 17.247699737548828 0.2750000059604645
n -78.54979705810547 -51.09859848022461 18.41200065612793 0.2750000059604645
n -82.70709991455078 -52.246498107910156 20.927600860595703 0.2750000059604645
n -83.92320251464844 -52.57929992675781 21.78569984436035 0.2750000059604645
n -85.20220184326172 -52.99209976196289 22.849599838256836 0.2750000059604645
n -87.73380279541016 -54.0255012512207 25.256500244140625 0.2750000059604645
n -88.92310333251953 -54.67539978027344 26.459800720214844 0.2750000059604645
n -97.40119934082031 -58.323699951171875 30.819599151611328 0.2750000059604645
n -105.69499969482422 -61.391300201416016 35.91780090332031 0.2750000059604645
n -113.73699951171875 -64.57869720458984 41.33679962158203 0.2750000059604645
n -120.81400299072266 -68.87460327148438 47.30799865722656 0.2750000059604645
n -128.05299377441406 -72.28919982910156 53.64310073852539 0.2750000059604645
n -134.99000549316406 -76.70870208740234 59.688499450683594 0.2750000059604645
n -140.81100463867188 -81.53939819335938 66.54219818115234 0.2750000059604645
n -145.40699768066406 -85.6803970336914 74.66200256347656 0.2750000059604645
n -151.3979949951172 -90.16300201416016 81.60489654541016 0.2750000059604645
n -157.10800170898438 -94.53669738769531 88.84839630126953 0.2750000059604645
n -163.1479949951172 -98.5103988647461 96.05380249023438 0.2750000059604645
n -170.41000366210938 -101.51300048828125 102.56800079345703 0.2750000059604645
n -179.50900268554688 -102.51499938964844 107.08599853515625 0.2750000059604645
n -188.63400268554688 -104.84300231933594 111.0250015258789 0.2750000059604645
n -197.18800354003906 -106.14199829101562 116.44000244140625 0.2750000059604645
n -204.9290008544922 -107.80400085449219 122.88400268554688 0.2750000059604645
n -212.5 -107.7959976196289 129.72999572753906 0.2750000059604645
n -219.20899963378906 -108.59100341796875 137.3820037841797 0.2750000059604645
n -224.74400329589844 -109.1780014038086 145.93899536132812 0.2750000059604645
n -231.05499267578125 -108.44499969482422 153.92799377441406 0.2750000059604645
n -237.4709930419922 -106.41999816894531 161.60499572753906 0.2750000059604645
n -244.24600219726562 -104.2750015258789 168.93299865722656 0.2750000059604645
n -250.23300170898438 -102.34500122070312 176.9709930419922 0.2750000059604645
n -257.05999755859375 -101.84700012207031 184.54400634765625 0.2750000059604645
n 0.8362151384353638 -23.101299285888672 -7.050960063934326 1.1100000143051147
n 0.14040610194206238 -31.246999740600586 -5.692870140075684 1.1100000143051147
n -0.5234508514404297 -39.018798828125 -4.397140026092529 0.9700000286102295
n -0.6325289011001587 -40.29570007324219 -4.184239864349365 0.6949999928474426
n -0.6325289011001587 -40.29570007324219 -4.184239864349365 0.41499999165534973
n -9.52632999420166 -44.582401275634766 3.683379888534546 0.41499999165534973
n -10.481599807739258 -45.075199127197266 4.407649993896484 0.41499999165534973
n -12.498900413513184 -46.121498107910156 5.694200038909912 0.41499999165534973
n -18.611299514770508 -49.06779861450195 9.021249771118164 0.41499999165534973
n -21.225400924682617 -50.29710006713867 10.189299583435059 0.41499999165534973
n -23.757699966430664 -51.49700164794922 11.073200225830078 0.41499999165534973
n -25.58799934387207 -52.46910095214844 11.181099891662598 0.41499999165534973
n -27.751399993896484 -53.61880111694336 11.114899635314941 0.41499999165534973
n -29.796100616455078 -54.65700149536133 10.838299751281738 0.41499999165534973
n -32.64459991455078 -56.22019958496094 10.30370044708252 0.41499999165534973
n -35.77149963378906 -58.05270004272461 9.886449813842773 0.41499999165534973
n -38.38800048828125 -59.70249938964844 9.635120391845703 0.41499999165534973
n -41.26369857788086 -61.697200775146484 9.410140037536621 0.41499999165534973
n -43.53739929199219 -63.41210174560547 9.250869750976562 0.41499999165534973
n -47.58539962768555 -66.5459976196289 8.97426986694336 0.41499999165534973
n -50.050201416015625 -68.41130065917969 8.803190231323242 0.41499999165534973
n -52.953800201416016 -70.60859680175781 8.576709747314453 0.41499999165534973
n -56.990299224853516 -73.7020034790039 7.986770153045654 0.41499999165534973
n -59.27560043334961 -75.47239685058594 7.460509777069092 0.41499999165534973
n -60.80440139770508 -76.78929901123047 6.96550989151001 0.41499999165534973
n -62.357601165771484 -78.1980972290039 6.297820091247559 0.41499999165534973
n -63.856998443603516 -79.68810272216797 5.389229774475098 0.41499999165534973
n -66.5425033569336 -82.61640167236328 3.308199882507324 0.41499999165534973
n -68.87560272216797 -85.33879852294922 1.140179991722107 0.41499999165534973
n -71.23590087890625 -88.14109802246094 -1.0558600425720215 0.41499999165534973
n -72.27860260009766 -89.35089874267578 -1.9284900426864624 0.41499999165534973
n -76.6321029663086 -94.17829895019531 -5.146120071411133 0.41499999165534973
n -78.63189697265625 -96.30490112304688 -6.450650215148926 0.41499999165534973
n -81.37149810791016 -99.20960235595703 -8.264180183410645 0.41499999165534973
n -85.0260009765625 -103.16500091552734 -10.746999740600586 0.41499999165534973
n -89.79679870605469 -108.04199981689453 -13.841500282287598 0.2750000059604645
n -92.61370086669922 -110.96900177001953 -15.553999900817871 0.2750000059604645
n -94.30860137939453 -112.73300170898438 -16.47249984741211 0.2750000059604645
n -99.55770111083984 -117.96099853515625 -19.347000122070312 0.2750000059604645
n -102.83300018310547 -121.2760009765625 -21.722299575805664 0.2750000059604645
n -105.3239974975586 -123.74600219726562 -23.949499130249023 0.5550000071525574
n -107.60099792480469 -125.91200256347656 -26.177400588989258 0.5550000071525574
n -108.60199737548828 -126.86499786376953 -27.114299774169922 0.5550000071525574
n -111.5009994506836 -129.62899780273438 -29.93869972229004 0.14000000059604645
n -118.69999694824219 -136.32699584960938 -36.804901123046875 0.41499999165534973
n -122.56199645996094 -139.95399475097656 -40.7130012512207 0.14000000059604645
n -125.00599670410156 -142.26600646972656 -42.92300033569336 0.41499999165534973
n -128.58700561523438 -145.3679962158203 -45.53179931640625 0.2750000059604645
n -132.8520050048828 -148.85499572753906 -47.597599029541016 0.2750000059604645
n -135.13900756835938 -150.677001953125 -48.15959930419922 0.41499999165534973
n -137.41900634765625 -152.13900756835938 -47.74879837036133 0.2750000059604645
n -145.7530059814453 -156.66400146484375 -44.4906005859375 0.2750000059604645
n -147.77699279785156 -157.51199340820312 -43.36690139770508 0.2750000059604645
n -150.3040008544922 -158.2740020751953 -41.709598541259766 0.2750000059604645
n -0.6325289011001587 -40.29570007324219 -4.184239864349365 0.6949999928474426
n -1.025169849395752 -45.62540054321289 -5.025730133056641 0.6949999928474426
n -1.2466999292373657 -47.94049835205078 -5.397150039672852 0.6949999928474426
n -1.5857298374176025 -50.72169876098633 -5.469820022583008 0.6949999928474426
n -2.184079885482788 -55.54180145263672 -5.308139801025391 0.6949999928474426
n -2.593280076980591 -59.00469970703125 -5.1102800369262695 0.6949999928474426
n -2.8551900386810303 -61.64929962158203 -4.929989814758301 0.6949999928474426
n -3.2580199241638184 -65.18810272216797 -4.6646199226379395 0.5550000071525574
n -3.9670701026916504 -72.27860260009766 -3.8661699295043945 0.5550000071525574
n -4.202070236206055 -76.08390045166016 -3.315880060195923 0.5550000071525574
n -4.3543901443481445 -80.85759735107422 -2.4603500366210938 0.5550000071525574
n -4.4197001457214355 -83.90010070800781 -1.9024200439453125 0.6949999928474426
n -4.488800048828125 -87.86810302734375 -1.2779799699783325 0.6949999928474426
n -4.603010177612305 -95.87989807128906 -0.24112999439239502 0.41499999165534973
n -4.657209873199463 -98.38159942626953 -0.04434489086270332 0.41499999165534973
n -4.782899856567383 -100.96600341796875 0.14656099677085876 0.5550000071525574
n -5.025979995727539 -104.0 0.33595898747444153 0.41499999165534973
n -5.490300178527832 -108.34600067138672 0.5115339756011963 0.5550000071525574
n -5.780779838562012 -111.01300048828125 0.5372400283813477 0.41499999165534973
n -6.090129852294922 -113.11499786376953 0.5140690207481384 0.41499999165534973
n -6.371009826660156 -115.22599792480469 0.4787040054798126 0.41499999165534973
n -6.528180122375488 -117.4469985961914 0.4841339886188507 0.41499999165534973
n -6.53685998916626 -119.54399871826172 0.5489699840545654 0.41499999165534973
n -6.4857401847839355 -120.81600189208984 0.6427779793739319 0.41499999165534973
n -6.322020053863525 -122.60800170898438 0.7764250040054321 0.41499999165534973
n -5.988639831542969 -125.40399932861328 1.014549970626831 0.41499999165534973
n -5.510459899902344 -129.14199829101562 1.3915799856185913 0.41499999165534973
n -5.137129783630371 -131.75 1.685920000076294 0.5550000071525574
n -4.8441901206970215 -133.9969940185547 1.967270016670227 0.41499999165534973
n -4.445980072021484 -136.81399536132812 2.2269699573516846 0.41499999165534973
n -4.326389789581299 -137.56500244140625 2.2771499156951904 0.41499999165534973
n -4.05334997177124 -139.45799255371094 2.3045599460601807 0.41499999165534973
n -3.766580104827881 -141.33900451660156 2.2316999435424805 0.41499999165534973
n -3.05391001701355 -145.64700317382812 1.9964599609375 0.41499999165534973
n -2.4933600425720215 -149.10899353027344 1.75655996799469 0.41499999165534973
n -2.2348599433898926 -150.62100219726562 1.6373100280761719 0.41499999165534973
n -1.77662992477417 -153.13999938964844 1.333799958229065 0.41499999165534973
n -1.265489935874939 -155.9149932861328 0.9277060031890869 0.41499999165534973
n -0.8447808623313904 -158.38600158691406 0.521477997303009 0.41499999165534973
n -0.5223748683929443 -160.04400634765625 0.2173909991979599 0.41499999165534973
n -0.16000188887119293 -162.03900146484375 -0.03546769171953201 0.41499999165534973
n 0.3716810941696167 -164.3979949951172 -0.35098499059677124 0.41499999165534973
n 0.3716810941696167 -164.3979949951172 -0.35098499059677124 0.14000000059604645
n 2.902369976043701 -164.66600036621094 -0.6603339910507202 0.14000000059604645
n 4.517620086669922 -164.85899353027344 -0.6384710073471069 0.14000000059604645
n 6.357729911804199 -165.0850067138672 -0.5015000104904175 0.14000000059604645
n 10.144200325012207 -165.51800537109375 0.4575609862804413 0.14000000059604645
n 11.281399726867676 -165.61399841308594 0.9379100203514099 0.14000000059604645
n 14.889900207519531 -165.8350067138672 2.6425700187683105 0.14000000059604645
n 16.809099197387695 -165.91000366210938 3.687459945678711 0.14000000059604645
n 17.817800521850586 -165.93899536132812 4.283939838409424 0.14000000059604645
n 21.663400650024414 -166.04600524902344 6.709330081939697 0.14000000059604645
n 25.047300338745117 -166.19900512695312 8.918910026550293 0.14000000059604645
n 27.850200653076172 -166.3350067138672 10.565999984741211 0.14000000059604645
n 29.49690055847168 -166.41299438476562 11.419500350952148 0.14000000059604645
n 30.8085994720459 -166.47799682617188 12.088399887084961 0.14000000059604645
n 31.857799530029297 -166.54800415039062 12.554800033569336 0.14000000059604645
n 33.77750015258789 -166.7689971923828 12.998299598693848 0.14000000059604645
n 34.97930145263672 -167.03199768066406 13.098999977111816 0.14000000059604645
n 42.03850173950195 -167.6230010986328 17.42530059814453 0.14000000059604645
n 49.70399856567383 -167.40899658203125 20.602100372314453 0.14000000059604645
n 57.59090042114258 -168.7830047607422 22.794700622558594 0.14000000059604645
n 65.4052963256836 -171.0570068359375 24.427499771118164 0.14000000059604645
n 72.18250274658203 -174.6790008544922 27.565000534057617 0.14000000059604645
n 79.17379760742188 -177.2689971923828 31.213699340820312 0.14000000059604645
n 86.30460357666016 -179.656005859375 34.72869873046875 0.14000000059604645
n 93.2343978881836 -182.21099853515625 38.51620101928711 0.14000000059604645
n 99.76170349121094 -184.69700622558594 43.00120162963867 0.14000000059604645
n 105.60399627685547 -186.2469940185547 48.690399169921875 0.14000000059604645
n 110.6709976196289 -186.57699584960938 55.256500244140625 0.14000000059604645
n 114.4520034790039 -186.4739990234375 62.644901275634766 0.14000000059604645
n 118.66100311279297 -188.01499938964844 69.63169860839844 0.14000000059604645
n 121.10299682617188 -190.23300170898438 77.24839782714844 0.14000000059604645
n 125.05799865722656 -191.18099975585938 84.4843978881836 0.14000000059604645
n 128.67300415039062 -191.30499267578125 91.9552993774414 0.14000000059604645
n 132.44700622558594 -192.9530029296875 99.16239929199219 0.14000000059604645
n 136.83099365234375 -193.0019989013672 106.20999908447266 0.14000000059604645
n 141.9530029296875 -192.52999877929688 112.7249984741211 0.14000000059604645
n 147.5399932861328 -193.177001953125 118.8290023803711 0.14000000059604645
n 154.0659942626953 -194.33900451660156 123.82599639892578 0.14000000059604645
n 154.0659942626953 -194.33900451660156 123.82599639892578 0.14000000059604645
n 159.36500549316406 -194.56900024414062 132.98800659179688 0.14000000059604645
n 164.2480010986328 -194.13699340820312 142.37100219726562 0.14000000059604645
n 169.12600708007812 -191.8800048828125 151.49099731445312 0.14000000059604645
n 174.44000244140625 -188.1529998779297 159.85499572753906 0.14000000059604645
n 177.95899963378906 -183.24899291992188 168.552001953125 0.14000000059604645
n 179.86399841308594 -177.19200134277344 177.0229949951172 0.14000000059604645
n 154.0659942626953 -194.33900451660156 123.82599639892578 0.14000000059604645
n 163.5760040283203 -196.6929931640625 130.48699951171875 0.14000000059604645
n 173.39500427246094 -197.93600463867188 136.9969940185547 0.14000000059604645
n 183.60299682617188 -200.64999389648438 142.36300659179688 0.14000000059604645
n 194.33099365234375 -203.88299560546875 146.21299743652344 0.14000000059604645
n 0.3716810941696167 -164.3979949951172 -0.35098499059677124 0.41499999165534973
n 0.7429201006889343 -166.95399475097656 -0.7740340232849121 0.41499999165534973
n 0.9320301413536072 -168.05499267578125 -0.9400389790534973 0.41499999165534973
n 1.427950143814087 -170.8800048828125 -1.3379600048065186 0.41499999165534973
n 2.1243200302124023 -174.48399353027344 -1.9348700046539307 0.41499999165534973
n 2.572240114212036 -176.9720001220703 -2.3739800453186035 0.41499999165534973
n 2.7857799530029297 -178.29400634765625 -2.571769952774048 0.41499999165534973
n 3.0138399600982666 -179.91400146484375 -2.7881898880004883 0.41499999165534973
n 3.1163599491119385 -180.968994140625 -2.867110013961792 0.41499999165534973
n 3.2938098907470703 -183.81399536132812 -2.8987200260162354 0.41499999165534973
n 3.3912200927734375 -186.2050018310547 -2.7525599002838135 0.41499999165534973
n 3.4837000370025635 -188.54400634765625 -2.5630300045013428 0.2750000059604645
n 3.5276401042938232 -190.85800170898438 -2.3536999225616455 0.2750000059604645
n 3.6219398975372314 -194.11199951171875 -2.218100070953369 0.41499999165534973
n 3.70032000541687 -195.32899475097656 -2.1888298988342285 0.41499999165534973
n 3.8092200756073 -196.76499938964844 -2.181410074234009 0.41499999165534973
n 3.8932700157165527 -197.7760009765625 -2.298759937286377 0.41499999165534973
n 3.9914801120758057 -199.18099975585938 -2.6172900199890137 0.41499999165534973
n 4.186999797821045 -202.78399658203125 -3.629689931869507 0.41499999165534973
n 4.223629951477051 -204.7270050048828 -4.1681599617004395 0.6949999928474426
n 4.204390048980713 -205.89500427246094 -4.471409797668457 0.6949999928474426
n 3.947930097579956 -210.322998046875 -5.509379863739014 0.41499999165534973
n 3.8341801166534424 -211.67799377441406 -5.777679920196533 0.41499999165534973
n 3.5547399520874023 -213.8179931640625 -6.12067985534668 0.6949999928474426
n 3.082469940185547 -216.0500030517578 -6.3885498046875 0.41499999165534973
n 2.8589999675750732 -216.91700744628906 -6.506189823150635 0.14000000059604645
n 2.2960898876190186 -218.9340057373047 -6.833469867706299 0.41499999165534973
n 1.721580147743225 -220.78199768066406 -7.164919853210449 0.41499999165534973
n 1.0711500644683838 -222.8040008544922 -7.678760051727295 0.5550000071525574
n 0.2854040861129761 -225.0800018310547 -8.32802963256836 0.14000000059604645
n -0.43776389956474304 -227.11000061035156 -8.973190307617188 0.14000000059604645
n -1.7066398859024048 -230.64500427246094 -10.183799743652344 0.14000000059604645
n -2.4484500885009766 -232.71800231933594 -10.970999717712402 0.14000000059604645
n -3.411439895629883 -235.6230010986328 -12.180100440979004 0.14000000059604645
n -3.411439895629883 -235.6230010986328 -12.180100440979004 0.14000000059604645
n -8.721280097961426 -235.6179962158203 -11.876500129699707 0.14000000059604645
n -13.748900413513184 -235.65699768066406 -11.75100040435791 0.14000000059604645
n -17.98740005493164 -235.79200744628906 -11.8016996383667 0.14000000059604645
n -26.56399917602539 -236.0659942626953 -12.120800018310547 0.14000000059604645
n -31.235200881958008 -236.18600463867188 -12.396100044250488 0.14000000059604645
n -35.50630187988281 -236.2969970703125 -12.7431001663208 0.14000000059604645
n -39.82379913330078 -236.48300170898438 -13.197600364685059 0.14000000059604645
n -44.719600677490234 -236.8470001220703 -13.901800155639648 0.14000000059604645
n -47.17539978027344 -237.16099548339844 -14.409000396728516 0.14000000059604645
n -50.002899169921875 -237.70599365234375 -15.249199867248535 0.14000000059604645
n -53.888301849365234 -238.822998046875 -16.418899536132812 0.14000000059604645
n -57.108699798583984 -240.05599975585938 -17.403400421142578 0.14000000059604645
n -59.7140998840332 -241.3070068359375 -18.20359992980957 0.14000000059604645
n -63.39390182495117 -243.4530029296875 -19.33970069885254 0.14000000059604645
n -66.96070098876953 -245.76300048828125 -20.444299697875977 0.14000000059604645
n -70.34819793701172 -248.1820068359375 -21.496700286865234 0.14000000059604645
n -73.1187973022461 -250.3260040283203 -22.360000610351562 0.14000000059604645
n -76.08509826660156 -252.7259979248047 -23.285900115966797 0.14000000059604645
n -79.4457015991211 -255.49200439453125 -24.335500717163086 0.14000000059604645
n -91.45819854736328 -259.50799560546875 -24.597299575805664 0.14000000059604645
n -103.36399841308594 -263.7869873046875 -23.941200256347656 0.14000000059604645
n -115.46600341796875 -267.5270080566406 -23.738399505615234 0.14000000059604645
n -3.411439895629883 -235.6230010986328 -12.180100440979004 0.14000000059604645
n 1.9100100994110107 -235.73899841308594 -9.235969543457031 0.14000000059604645
n 7.4883198738098145 -235.89500427246094 -6.545030117034912 0.14000000059604645
n 15.661700248718262 -236.12100219726562 -2.523289918899536 0.14000000059604645
n 18.594499588012695 -236.17100524902344 -1.0975099802017212 0.14000000059604645
n 21.58209991455078 -236.22799682617188 0.24698300659656525 0.14000000059604645
n 24.690799713134766 -236.29100036621094 1.6009700298309326 0.14000000059604645
n 29.200700759887695 -236.30299377441406 3.694269895553589 0.14000000059604645
n 33.16529846191406 -236.23199462890625 5.449269771575928 0.14000000059604645
n 36.938899993896484 -236.06500244140625 6.415689945220947 0.14000000059604645
n 40.87519836425781 -235.85000610351562 7.1444501876831055 0.14000000059604645
n 44.95560073852539 -235.5800018310547 7.722350120544434 0.14000000059604645
n 50.32120132446289 -235.15199279785156 8.31659984588623 0.14000000059604645
n 52.682098388671875 -234.94200134277344 8.399820327758789 0.14000000059604645
n 64.92620086669922 -233.82899475097656 7.650350093841553 0.14000000059604645
n 68.51789855957031 -233.4929962158203 7.155330181121826 0.14000000059604645
n 73.76419830322266 -232.93299865722656 5.916379928588867 0.14000000059604645
n 4.062809944152832 -18.9906005859375 8.525799751281738 1.2450000047683716
n 6.4234299659729 -28.841100692749023 7.922269821166992 1.2450000047683716
n 8.189909934997559 -36.372100830078125 6.961770057678223 1.1100000143051147
n 9.95658016204834 -43.90399932861328 6.001160144805908 1.1100000143051147
n 12.160099983215332 -53.298301696777344 4.803020000457764 0.9700000286102295
n 15.130499839782715 -65.96189880371094 3.1879100799560547 1.1100000143051147
n 16.855499267578125 -73.31620025634766 2.249959945678711 1.1100000143051147
n 18.710599899291992 -81.27619934082031 1.3689299821853638 1.1100000143051147
n 18.710599899291992 -81.27619934082031 1.3689299821853638 0.41499999165534973
n 26.651500701904297 -84.1312026977539 -5.350510120391846 0.41499999165534973
n 28.835599899291992 -84.99739837646484 -7.176209926605225 0.41499999165534973
n 30.82349967956543 -85.81819915771484 -8.726929664611816 0.41499999165534973
n 34.9005012512207 -87.59210205078125 -11.736300468444824 0.2750000059604645
n 40.67060089111328 -90.19329833984375 -15.711000442504883 0.2750000059604645
n 41.91939926147461 -90.78739929199219 -16.611600875854492 0.2750000059604645
n 46.19810104370117 -93.04650115966797 -19.602100372314453 0.14000000059604645
n 48.418800354003906 -94.30349731445312 -21.30419921875 0.14000000059604645
n 49.669898986816406 -95.02850341796875 -22.31279945373535 0.2750000059604645
n 51.52980041503906 -96.1698989868164 -23.80769920349121 0.2750000059604645
n 56.76319885253906 -99.48619842529297 -27.915000915527344 0.41499999165534973
n 60.887901306152344 -102.05999755859375 -31.155099868774414 0.14000000059604645
n 63.882198333740234 -103.93000030517578 -33.36669921875 0.14000000059604645
n 66.81109619140625 -105.77999877929688 -35.63199996948242 0.14000000059604645
n 69.05359649658203 -107.20600128173828 -37.301300048828125 0.14000000059604645
n 73.01329803466797 -109.69100189208984 -40.10350036621094 0.14000000059604645
n 75.53980255126953 -111.23600006103516 -41.77289962768555 0.2750000059604645
n 79.11799621582031 -113.41600036621094 -44.311100006103516 0.41499999165534973
n 85.97440338134766 -117.5260009765625 -49.87419891357422 0.14000000059604645
n 88.85579681396484 -119.23699951171875 -52.32899856567383 0.14000000059604645
n 92.13619995117188 -121.177001953125 -55.227298736572266 0.14000000059604645
n 96.22100067138672 -123.56099700927734 -58.78350067138672 0.14000000059604645
n 100.6500015258789 -126.35700225830078 -62.80509948730469 0.14000000059604645
n 105.13800048828125 -129.42999267578125 -66.80879974365234 0.14000000059604645
n 106.97699737548828 -130.83799743652344 -68.37030029296875 0.14000000059604645
n 107.69400024414062 -131.43299865722656 -68.9490966796875 0.14000000059604645
n 109.74400329589844 -133.20399475097656 -70.38809967041016 0.41499999165534973
n 115.04000091552734 -137.85299682617188 -73.506103515625 0.14000000059604645
n 118.21700286865234 -140.57200622558594 -74.75309753417969 0.14000000059604645
n 124.38600158691406 -145.66400146484375 -76.31559753417969 0.14000000059604645
n 128.82699584960938 -149.052001953125 -77.07769775390625 0.14000000059604645
n 131.51100158691406 -150.89100646972656 -77.30570220947266 0.14000000059604645
n 133.0019989013672 -151.75999450683594 -77.27220153808594 0.41499999165534973
n 140.49200439453125 -155.0749969482422 -75.80740356445312 0.14000000059604645
n 141.88600158691406 -155.61300659179688 -75.3833999633789 0.41499999165534973
n 144.69400024414062 -156.5800018310547 -74.26000213623047 0.14000000059604645
n 146.83999633789062 -157.33099365234375 -73.44860076904297 0.41499999165534973
n 149.927001953125 -158.4429931640625 -72.52629852294922 0.14000000059604645
n 154.29800415039062 -160.02099609375 -71.5927963256836 0.41499999165534973
n 157.37100219726562 -161.17300415039062 -71.2500991821289 0.14000000059604645
n 160.0240020751953 -162.20599365234375 -70.98310089111328 0.14000000059604645
n 162.95399475097656 -163.44900512695312 -70.74299621582031 0.41499999165534973
n 167.92599487304688 -165.77200317382812 -70.4260025024414 0.14000000059604645
n 169.19400024414062 -166.42799377441406 -70.37750244140625 0.2750000059604645
n 171.4969940185547 -167.73599243164062 -70.3677978515625 0.14000000059604645
n 174.33900451660156 -169.46499633789062 -70.24510192871094 0.2750000059604645
n 178.95899963378906 -172.49099731445312 -69.90560150146484 0.14000000059604645
n 181.40699768066406 -174.2480010986328 -69.77050018310547 0.5550000071525574
n 184.01699829101562 -176.26699829101562 -69.6636962890625 0.14000000059604645
n 187.5659942626953 -179.03199768066406 -69.56839752197266 0.14000000059604645
n 191.31199645996094 -181.88499450683594 -69.6406021118164 0.14000000059604645
n 193.0800018310547 -183.25 -69.9573974609375 0.2750000059604645
n 198.35499572753906 -187.41900634765625 -71.8386001586914 0.14000000059604645
n 199.3800048828125 -188.2220001220703 -72.29850006103516 0.2750000059604645
n 200.27000427246094 -188.92799377441406 -72.82019805908203 0.14000000059604645
n 202.54299926757812 -190.79100036621094 -74.6552963256836 0.14000000059604645
n 207.6199951171875 -195.17799377441406 -80.18190002441406 0.14000000059604645
n 209.44200134277344 -196.7949981689453 -82.56230163574219 0.14000000059604645
n 18.710599899291992 -81.27619934082031 1.3689299821853638 1.1100000143051147
n 16.943599700927734 -83.68280029296875 9.98075008392334 1.1100000143051147
n 16.943599700927734 -83.68280029296875 9.98075008392334 0.2750000059604645
n 10.733799934387207 -92.05879974365234 2.4749701023101807 0.2750000059604645
n 5.610789775848389 -98.76589965820312 -3.1330199241638184 0.2750000059604645
n 3.5358200073242188 -101.40899658203125 -5.161739826202393 0.2750000059604645
n 1.439630150794983 -104.27300262451172 -7.134130001068115 0.2750000059604645
n -1.1099498271942139 -108.16000366210938 -9.537739753723145 0.2750000059604645
n -4.416989803314209 -113.36799621582031 -13.020000457763672 0.2750000059604645
n -6.584700107574463 -117.11699676513672 -15.24779987335205 0.2750000059604645
n -8.111700057983398 -119.86000061035156 -16.98310089111328 0.2750000059604645
n -10.557100296020508 -124.38400268554688 -19.888700485229492 0.2750000059604645
n -14.979299545288086 -132.39300537109375 -24.9768009185791 0.14000000059604645
n -19.252500534057617 -140.24200439453125 -29.73390007019043 0.8299999833106995
n -21.948299407958984 -144.91900634765625 -32.109100341796875 0.14000000059604645
n -24.473100662231445 -149.07200622558594 -33.9275016784668 0.9700000286102295
n -29.287099838256836 -156.5800018310547 -36.64820098876953 0.14000000059604645
n -31.545299530029297 -159.9530029296875 -37.572200775146484 0.6949999928474426
n -32.88740158081055 -161.97000122070312 -37.92179870605469 0.6949999928474426
n -39.82210159301758 -172.76600646972656 -38.89830017089844 0.14000000059604645
n -44.770301818847656 -180.63999938964844 -39.402801513671875 0.14000000059604645
n -47.29750061035156 -184.843994140625 -40.18080139160156 0.41499999165534973
n -50.319000244140625 -190.3699951171875 -41.899200439453125 0.14000000059604645
n -51.5525016784668 -193.08099365234375 -43.05059814453125 0.41499999165534973
n -52.19419860839844 -194.72999572753906 -43.900299072265625 0.14000000059604645
n -52.945499420166016 -197.11500549316406 -45.312400817871094 0.5550000071525574
n -57.7672004699707 -214.302001953125 -55.39390182495117 0.14000000059604645
n -58.543800354003906 -217.2220001220703 -57.03630065917969 0.2750000059604645
n -61.22700119018555 -227.7570037841797 -62.53969955444336 0.14000000059604645
n -61.68619918823242 -229.8719940185547 -63.46009826660156 0.2750000059604645
n -62.7400016784668 -235.593994140625 -65.5531005859375 0.14000000059604645
n -63.45130157470703 -241.19200134277344 -66.8906021118164 0.41499999165534973
n -63.55569839477539 -242.6959991455078 -66.9177017211914 0.41499999165534973
n -63.739498138427734 -249.4550018310547 -66.74440002441406 0.14000000059604645
n -63.6078987121582 -256.47698974609375 -65.95210266113281 0.14000000059604645
n -63.31159973144531 -262.0469970703125 -65.1510009765625 0.2750000059604645
n -62.42340087890625 -272.7040100097656 -63.76789855957031 0.14000000059604645
n -61.74319839477539 -280.3089904785156 -63.217498779296875 0.2750000059604645
n -61.00170135498047 -287.6960144042969 -62.7510986328125 0.14000000059604645
n -60.305301666259766 -294.1159973144531 -62.3223991394043 0.41499999165534973
n -59.95330047607422 -297.6090087890625 -62.26340103149414 0.14000000059604645
n -59.49720001220703 -302.697998046875 -62.46699905395508 0.41499999165534973
n -58.43669891357422 -315.1340026855469 -63.5890007019043 0.14000000059604645
n -58.160701751708984 -318.8030090332031 -64.064697265625 0.2750000059604645
n -58.01380157470703 -320.4739990234375 -64.28240203857422 0.14000000059604645
n -57.303001403808594 -325.96600341796875 -64.99960327148438 0.41499999165534973
n -55.410400390625 -336.73699951171875 -65.6249008178711 0.14000000059604645
n -53.81420135498047 -343.31201171875 -65.36139678955078 0.5550000071525574
n -52.05080032348633 -348.7640075683594 -64.63629913330078 0.14000000059604645
n -50.76390075683594 -352.2409973144531 -64.0167007446289 0.14000000059604645
n -48.85710144042969 -356.8800048828125 -62.950401306152344 0.14000000059604645
n -47.18389892578125 -360.5360107421875 -61.79499816894531 0.14000000059604645
n -46.570499420166016 -362.0889892578125 -61.41450119018555 0.2750000059604645
n -46.35390090942383 -365.1199951171875 -61.419700622558594 0.14000000059604645
n -46.6796989440918 -367.4679870605469 -61.60929870605469 0.2750000059604645
n -47.1338996887207 -368.79901123046875 -61.81769943237305 0.14000000059604645
n -48.26900100708008 -371.10198974609375 -62.36640167236328 0.2750000059604645
n -53.06340026855469 -379.489990234375 -65.16729736328125 0.14000000059604645
n -53.952301025390625 -380.8160095214844 -65.68409729003906 0.2750000059604645
n 16.943599700927734 -83.68280029296875 9.98075008392334 0.9700000286102295
n 17.427799224853516 -93.41100311279297 7.747079849243164 0.9700000286102295
n 17.972000122070312 -102.08899688720703 6.421239852905273 0.6949999928474426
n 18.34670066833496 -106.40499877929688 5.958580017089844 0.5550000071525574
n 19.013599395751953 -112.83499908447266 5.410920143127441 0.5550000071525574
n 19.752700805664062 -119.18000030517578 4.866730213165283 0.5550000071525574
n 20.700199127197266 -127.93900299072266 4.195590019226074 0.5550000071525574
n 21.84709930419922 -138.3300018310547 4.100409984588623 0.41499999165534973
n 22.528499603271484 -147.50799560546875 4.616730213165283 0.41499999165534973
n 22.608800888061523 -151.3090057373047 5.193649768829346 0.41499999165534973
n 22.4507999420166 -155.3509979248047 6.219669818878174 0.41499999165534973
n 22.254100799560547 -159.36300659179688 7.570809841156006 0.41499999165534973
n 21.736400604248047 -165.3090057373047 9.904230117797852 0.41499999165534973
n 20.5802001953125 -174.33799743652344 13.33430004119873 0.41499999165534973
n 19.72559928894043 -180.08299255371094 15.540200233459473 0.41499999165534973
n 19.309799194335938 -183.60699462890625 16.750099182128906 0.41499999165534973
n 18.47260093688965 -191.27499389648438 19.319499969482422 0.41499999165534973
n 17.904399871826172 -198.23399353027344 21.282400131225586 0.41499999165534973
n 17.67259979248047 -201.56100463867188 22.120500564575195 0.41499999165534973
n 17.57699966430664 -203.86000061035156 22.67460060119629 0.41499999165534973
n 17.093599319458008 -209.2209930419922 23.860599517822266 0.41499999165534973
n 15.868900299072266 -217.45799255371094 25.75200080871582 0.41499999165534973
n 15.37660026550293 -219.8979949951172 26.38680076599121 0.41499999165534973
n 14.044099807739258 -226.40899658203125 28.463199615478516 0.41499999165534973
n 13.251299858093262 -230.58299255371094 29.886699676513672 0.41499999165534973
n 12.201899528503418 -238.072998046875 32.685298919677734 0.41499999165534973
n 11.704099655151367 -242.47900390625 34.34560012817383 0.41499999165534973
n 11.499199867248535 -247.13900756835938 36.20289993286133 0.6949999928474426
n 11.431300163269043 -252.13400268554688 38.696800231933594 0.41499999165534973
n 11.472200393676758 -254.718994140625 40.120399475097656 0.2750000059604645
n 11.795900344848633 -259.7969970703125 43.63090133666992 0.2750000059604645
n 12.110799789428711 -261.9330139160156 45.51860046386719 0.2750000059604645
n 13.22350025177002 -267.4909973144531 50.954898834228516 0.2750000059604645
n 13.946399688720703 -271.2929992675781 54.65010070800781 0.2750000059604645
n 12.138299942016602 -282.0979919433594 57.00279998779297 0.2750000059604645
n 12.313400268554688 -293.14300537109375 58.87900161743164 0.2750000059604645
n 11.768199920654297 -304.32000732421875 59.471900939941406 0.2750000059604645
n 10.27180004119873 -315.30499267578125 61.092498779296875 0.2750000059604645
n 10.081700325012207 -326.24798583984375 63.494998931884766 0.2750000059604645
n 11.45989990234375 -337.1919860839844 65.46800231933594 0.2750000059604645
n 11.902299880981445 -347.8840026855469 68.78890228271484 0.2750000059604645
n 14.517499923706055 -357.927001953125 73.01619720458984 0.2750000059604645
n -7.746799945831299 -3.2679998874664307 15.690400123596191 0.8299999833106995
n -9.857640266418457 -3.573390007019043 18.827899932861328 0.8299999833106995
n -12.405799865722656 -3.942049980163574 22.615400314331055 0.8299999833106995
n -17.909500122070312 -4.738329887390137 30.796100616455078 0.8299999833106995
n -17.909500122070312 -4.738329887390137 30.796100616455078 0.5550000071525574
n -20.686100006103516 -3.674459934234619 33.79059982299805 0.5550000071525574
n -22.190200805664062 -3.220829963684082 35.68880081176758 0.5550000071525574
n -26.713499069213867 -2.2540900707244873 41.13460159301758 0.5550000071525574
n -28.17009925842285 -1.9767400026321411 42.783599853515625 0.5550000071525574
n -31.096500396728516 -1.3627599477767944 45.89070129394531 0.5550000071525574
n -39.05400085449219 0.5504149794578552 54.60260009765625 0.5550000071525574
n -40.63050079345703 1.0097500085830688 56.38990020751953 0.41499999165534973
n -42.77880096435547 1.6799299716949463 58.506900787353516 0.41499999165534973
n -44.21260070800781 2.089050054550171 59.63970184326172 0.41499999165534973
n -45.79890060424805 2.6122000217437744 60.93560028076172 0.41499999165534973
n -50.25389862060547 4.453370094299316 64.42440032958984 0.41499999165534973
n -54.25979995727539 6.234310150146484 66.00199890136719 0.41499999165534973
n -56.72570037841797 7.461160182952881 67.05650329589844 0.41499999165534973
n -57.280601501464844 7.755189895629883 67.35199737548828 0.41499999165534973
n -67.05180358886719 12.407099723815918 73.64340209960938 0.41499999165534973
n -76.44950103759766 17.135499954223633 80.42739868164062 0.41499999165534973
n -87.05549621582031 18.91710090637207 86.83319854736328 0.41499999165534973
n -98.20079803466797 20.643999099731445 92.26429748535156 0.41499999165534973
n -109.052001953125 22.6289005279541 98.18099975585938 0.41499999165534973
n -119.9739990234375 26.117700576782227 103.20500183105469 0.41499999165534973
n -130.48699951171875 29.90250015258789 108.8489990234375 0.41499999165534973
n -141.71400451660156 34.67319869995117 111.65599822998047 0.41499999165534973
n -152.80499267578125 39.231998443603516 115.2490005493164 0.41499999165534973
n -163.8820037841797 43.765201568603516 118.91500091552734 0.41499999165534973
n -174.00799560546875 48.49440002441406 124.55400085449219 0.41499999165534973
n -184.50799560546875 51.211299896240234 130.8040008544922 0.41499999165534973
n -195.08200073242188 53.6421012878418 137.04800415039062 0.41499999165534973
n -205.11399841308594 54.40019989013672 144.49600219726562 0.41499999165534973
n -214.79600524902344 53.84170150756836 152.41099548339844 0.41499999165534973
n -224.6219940185547 51.81890106201172 159.8979949951172 0.41499999165534973
n -236.01100158691406 49.610599517822266 164.6009979248047 0.41499999165534973
n -246.85699462890625 46.70539855957031 170.13299560546875 0.41499999165534973
n -17.909500122070312 -4.738329887390137 30.796100616455078 0.8299999833106995
n -21.117399215698242 -4.696809768676758 31.07979965209961 0.8299999833106995
n -24.62980079650879 -4.329750061035156 31.024799346923828 0.8299999833106995
n -29.02079963684082 -3.577209949493408 31.576200485229492 0.6949999928474426
n -33.28580093383789 -2.792520046234131 32.43050003051758 0.6949999928474426
n -37.13290023803711 -2.0891098976135254 33.35350036621094 0.5550000071525574
n -43.0791015625 -1.0032399892807007 35.181800842285156 0.5550000071525574
n -50.18870162963867 0.6892729997634888 37.83290100097656 0.5550000071525574
n -59.21770095825195 3.304409980773926 42.4286994934082 0.5550000071525574
n -60.48400115966797 3.7354400157928467 43.1974983215332 0.5550000071525574
n -63.681400299072266 4.721560001373291 45.190799713134766 0.5550000071525574
n -68.60540008544922 6.098569869995117 47.72880172729492 0.5550000071525574
n -71.17970275878906 6.796510219573975 48.91749954223633 0.5550000071525574
n -76.85389709472656 8.157580375671387 51.4276008605957 0.5550000071525574
n -79.34369659423828 8.705289840698242 52.12620162963867 0.5550000071525574
n -85.00309753417969 9.945579528808594 53.55110168457031 0.5550000071525574
n -91.87950134277344 11.156000137329102 55.01319885253906 0.5550000071525574
n -99.752197265625 12.055800437927246 56.09239959716797 0.5550000071525574
n -103.15599822998047 12.31820011138916 56.45159912109375 0.41499999165534973
n -106.83599853515625 12.544899940490723 57.10559844970703 0.41499999165534973
n -108.59600067138672 12.688699722290039 57.693599700927734 0.41499999165534973
n -111.3759994506836 12.99839973449707 58.98080062866211 0.41499999165534973
n -113.8290023803711 13.255200386047363 60.395301818847656 0.41499999165534973
n -115.88600158691406 13.415900230407715 61.349700927734375 0.41499999165534973
n -123.22599792480469 14.936599731445312 66.22930145263672 0.41499999165534973
n -123.73999786376953 15.112199783325195 66.74040222167969 0.41499999165534973
n -136.82000732421875 16.14299964904785 69.73789978027344 0.41499999165534973
n -149.2030029296875 19.0580997467041 74.1333999633789 0.41499999165534973
n -161.87100219726562 21.10580062866211 78.1906967163086 0.41499999165534973
n -175.03199768066406 21.920400619506836 80.88349914550781 0.41499999165534973
n -188.35699462890625 23.065500259399414 82.39029693603516 0.41499999165534973
n -201.69400024414062 21.7814998626709 83.66549682617188 0.41499999165534973
n -214.74000549316406 19.384199142456055 85.94219970703125 0.41499999165534973
n -226.91200256347656 15.580100059509277 90.24430084228516 0.41499999165534973
n -238.4459991455078 10.427200317382812 94.88639831542969 0.41499999165534973
n -249.61199951171875 4.074079990386963 98.89859771728516 0.41499999165534973
n -260.0559997558594 -1.376829981803894 105.40699768066406 0.41499999165534973
n -268.885009765625 -8.8895902633667 112.24400329589844 0.41499999165534973
n -277.8810119628906 -16.14150047302246 119.1449966430664 0.41499999165534973
n -287.02301025390625 -23.94879913330078 125.19499969482422 0.41499999165534973
n -297.1820068359375 -29.253700256347656 132.25100708007812 0.41499999165534973
n -3.796799898147583 12.432000160217285 8.910400390625 2.630000114440918
n -3.8977599143981934 13.184599876403809 7.744719982147217 2.2149999141693115
n -3.8977599143981934 13.184599876403809 7.744719982147217 0.5550000071525574
n -0.2878538966178894 22.42259979248047 -7.373539924621582 0.5550000071525574
n 0.7258521318435669 25.048900604248047 -11.258299827575684 0.5550000071525574
n 1.273090124130249 26.429899215698242 -13.100099563598633 0.41499999165534973
n 1.6897801160812378 27.499900817871094 -14.364800453186035 0.2750000059604645
n 2.6725399494171143 29.906299591064453 -16.867599487304688 0.2750000059604645
n 3.1433799266815186 30.981700897216797 -17.872699737548828 0.2750000059604645
n 4.010270118713379 32.60200119018555 -18.365999221801758 0.2750000059604645
n 4.931640148162842 33.95840072631836 -19.098400115966797 0.41499999165534973
n 6.003580093383789 35.40879821777344 -20.05459976196289 0.41499999165534973
n 7.355020046234131 37.11970138549805 -21.294700622558594 0.2750000059604645
n 8.184399604797363 38.06119918823242 -21.99370002746582 0.2750000059604645
n 9.027959823608398 38.9536018371582 -22.713600158691406 0.2750000059604645
n 13.68220043182373 43.741600036621094 -27.88680076599121 0.2750000059604645
n 14.321100234985352 44.34640121459961 -28.690399169921875 0.2750000059604645
n 14.9576997756958 44.91120147705078 -29.52429962158203 0.14000000059604645
n 15.678899765014648 45.57509994506836 -30.526399612426758 0.14000000059604645
n 16.739700317382812 46.660301208496094 -32.09709930419922 0.14000000059604645
n 20.332799911499023 50.71799850463867 -37.14080047607422 0.2750000059604645
n 21.664199829101562 52.41859817504883 -38.55339813232422 0.14000000059604645
n 22.50189971923828 53.54779815673828 -39.38180160522461 0.14000000059604645
n 23.10460090637207 54.397499084472656 -39.89440155029297 0.14000000059604645
n 24.170700073242188 55.93539810180664 -40.552101135253906 0.2750000059604645
n 25.99049949645996 58.768001556396484 -41.15700149536133 0.2750000059604645
n 28.17289924621582 62.32350158691406 -41.1682014465332 0.14000000059604645
n 28.317399978637695 62.5703010559082 -41.16239929199219 0.14000000059604645
n 29.401500701904297 64.26229858398438 -41.36920166015625 0.14000000059604645
n 30.822099685668945 66.27100372314453 -41.85749816894531 0.14000000059604645
n 32.050498962402344 67.818603515625 -42.37590026855469 0.14000000059604645
n 32.8025016784668 68.7406997680664 -42.762901306152344 0.14000000059604645
n 34.16859817504883 70.31340026855469 -43.46390151977539 0.2750000059604645
n 38.1265983581543 74.91059875488281 -46.12030029296875 0.14000000059604645
n 39.74810028076172 76.82720184326172 -47.31800079345703 0.14000000059604645
n 41.42610168457031 78.9906997680664 -48.58580017089844 0.14000000059604645
n 42.43230056762695 80.44709777832031 -49.487098693847656 0.14000000059604645
n 44.166500091552734 83.2396011352539 -51.31169891357422 0.2750000059604645
n 47.03110122680664 88.39689636230469 -54.65019989013672 0.14000000059604645
n 48.775699615478516 92.02339935302734 -56.81650161743164 0.14000000059604645
n 50.472801208496094 95.96620178222656 -59.186100006103516 0.14000000059604645
n 52.64440155029297 101.65299987792969 -62.4546012878418 0.2750000059604645
n 53.77439880371094 104.91699981689453 -64.19229888916016 0.14000000059604645
n 54.342098236083984 106.697998046875 -65.0167007446289 0.14000000059604645
n 55.04750061035156 108.87899780273438 -65.73600006103516 0.14000000059604645
n 56.05889892578125 111.79299926757812 -66.56780242919922 0.2750000059604645
n 57.229698181152344 114.51100158691406 -67.26210021972656 0.14000000059604645
n 57.99829864501953 116.09500122070312 -67.51850128173828 0.14000000059604645
n 59.081199645996094 118.2229995727539 -67.8563003540039 0.14000000059604645
n 60.70589828491211 121.1760025024414 -68.45960235595703 0.14000000059604645
n 61.54949951171875 122.62200164794922 -68.80870056152344 0.2750000059604645
n 63.962398529052734 126.66899871826172 -69.9011001586914 0.2750000059604645
n 64.8124008178711 128.07200622558594 -70.28569793701172 0.2750000059604645
n 65.61239624023438 129.46099853515625 -70.6144027709961 0.2750000059604645
n 66.78050231933594 131.72500610351562 -71.05000305175781 0.41499999165534973
n 67.80339813232422 133.8520050048828 -71.32949829101562 0.14000000059604645
n 68.32720184326172 135.156005859375 -71.408203125 0.14000000059604645
n 68.92009735107422 137.052001953125 -71.44960021972656 0.14000000059604645
n 69.62169647216797 140.48399353027344 -71.69239807128906 0.14000000059604645
n 69.7229995727539 141.63099670410156 -71.8239974975586 0.14000000059604645
n 69.80290222167969 143.4080047607422 -72.07150268554688 0.2750000059604645
n 69.94830322265625 145.52099609375 -72.3927001953125 0.14000000059604645
n 70.45860290527344 149.0970001220703 -72.92720031738281 0.14000000059604645
n 71.08670043945312 151.88900756835938 -73.31890106201172 0.14000000059604645
n 72.0197982788086 154.88099670410156 -73.9801025390625 0.14000000059604645
n 73.53230285644531 158.51199340820312 -74.93699645996094 0.14000000059604645
n 74.67230224609375 160.6840057373047 -75.55180358886719 0.14000000059604645
n 76.20249938964844 162.95599365234375 -76.18209838867188 0.2750000059604645
n 77.29039764404297 164.34300231933594 -76.52539825439453 0.14000000059604645
n 80.10310363769531 167.73800659179688 -77.39640045166016 0.14000000059604645
n 82.50669860839844 170.55299377441406 -78.14430236816406 0.14000000059604645
n 83.56539916992188 171.77000427246094 -78.43609619140625 0.14000000059604645
n 85.34750366210938 173.83700561523438 -78.80149841308594 0.41499999165534973
n 86.8053970336914 175.4810028076172 -79.72350311279297 0.14000000059604645
n 88.31420135498047 177.16000366210938 -81.11949920654297 0.14000000059604645
n 89.65959930419922 178.63600158691406 -82.76460266113281 0.14000000059604645
n 91.33290100097656 180.36700439453125 -85.14250183105469 0.14000000059604645
n 92.98789978027344 181.9980010986328 -87.60559844970703 0.14000000059604645
n 100.4209976196289 189.36399841308594 -99.2791976928711 0.14000000059604645
n 101.06999969482422 190.02499389648438 -100.32099914550781 0.2750000059604645
n 102.35900115966797 191.35000610351562 -102.63300323486328 0.14000000059604645
n 103.9260025024414 193.11900329589844 -105.90499877929688 0.14000000059604645
n 104.73999786376953 194.052001953125 -107.85600280761719 0.14000000059604645
n 105.63999938964844 194.98199462890625 -109.88200378417969 0.14000000059604645
n 107.45700073242188 196.70599365234375 -109.91300201416016 0.14000000059604645
n -3.8977599143981934 13.184599876403809 7.744719982147217 1.940000057220459
n -4.536709785461426 14.393199920654297 7.796889781951904 1.940000057220459
n -4.536709785461426 14.393199920654297 7.796889781951904 0.6949999928474426
n -11.718199729919434 17.212099075317383 6.882659912109375 0.6949999928474426
n -16.913000106811523 19.417299270629883 5.480490207672119 0.6949999928474426
n -20.352800369262695 20.949899673461914 4.071080207824707 0.6949999928474426
n -24.238100051879883 22.654600143432617 2.389810085296631 0.6949999928474426
n -26.989200592041016 23.67460060119629 0.888139009475708 0.5550000071525574
n -32.399898529052734 25.574499130249023 -2.2793400287628174 0.5550000071525574
n -37.327701568603516 27.425500869750977 -5.271759986877441 0.5550000071525574
n -42.247501373291016 29.16860008239746 -8.850850105285645 0.5550000071525574
n -45.4906005859375 30.314699172973633 -11.394499778747559 0.6949999928474426
n -54.47209930419922 33.47420120239258 -18.723100662231445 0.5550000071525574
n -56.473899841308594 34.19160079956055 -20.300399780273438 0.5550000071525574
n -60.10459899902344 35.567501068115234 -22.89069938659668 0.5550000071525574
n -67.35430145263672 38.63100051879883 -27.760499954223633 0.5550000071525574
n -69.87409973144531 39.865299224853516 -29.419200897216797 0.5550000071525574
n -74.53469848632812 42.587398529052734 -32.475399017333984 0.41499999165534973
n -76.71420288085938 44.09859848022461 -33.75429916381836 0.41499999165534973
n -80.22920227050781 46.581199645996094 -35.811798095703125 0.41499999165534973
n -83.33580017089844 48.73820114135742 -37.77330017089844 0.14000000059604645
n -84.09130096435547 49.29990005493164 -38.204498291015625 0.2750000059604645
n -86.02189636230469 50.72740173339844 -39.31990051269531 0.2750000059604645
n -89.4175033569336 53.28219985961914 -41.170101165771484 0.14000000059604645
n -92.18060302734375 55.33399963378906 -42.657901763916016 0.5550000071525574
n -97.29989624023438 59.072200775146484 -46.18510055541992 0.14000000059604645
n -99.09609985351562 60.366600036621094 -47.63669967651367 0.14000000059604645
n -100.80000305175781 61.6797981262207 -49.19499969482422 0.2750000059604645
n -101.76699829101562 62.50559997558594 -50.28219985961914 0.2750000059604645
n -102.16300201416016 62.88690185546875 -50.775901794433594 0.2750000059604645
n -107.64399719238281 67.82260131835938 -59.503700256347656 0.14000000059604645
n -108.58399963378906 68.62979888916016 -61.0432014465332 0.14000000059604645
n -110.47599792480469 70.20110321044922 -64.20559692382812 0.41499999165534973
n -113.81800079345703 72.80690002441406 -69.94280242919922 0.14000000059604645
n -115.24700164794922 73.847900390625 -72.30570220947266 0.41499999165534973
n -124.26399993896484 79.99199676513672 -86.0593032836914 0.14000000059604645
n -125.88999938964844 80.9384994506836 -88.43509674072266 0.14000000059604645
n -126.96800231933594 81.47640228271484 -90.00140380859375 0.41499999165534973
n -133.23899841308594 84.16349792480469 -99.25370025634766 0.14000000059604645
n -134.42100524902344 84.62460327148438 -100.93499755859375 0.2750000059604645
n -136.0590057373047 85.21890258789062 -103.16799926757812 0.2750000059604645
n -144.98699951171875 88.29859924316406 -114.5199966430664 0.14000000059604645
n -146.1269989013672 88.6572036743164 -116.02100372314453 0.14000000059604645
n -150.75399780273438 89.91300201416016 -122.0770034790039 0.2750000059604645
n -152.2050018310547 90.25350189208984 -123.9209976196289 0.14000000059604645
n -153.19400024414062 90.46520233154297 -125.25700378417969 0.2750000059604645
n -158.2310028076172 91.52950286865234 -132.4219970703125 0.14000000059604645
n -4.536709785461426 14.393199920654297 7.796889781951904 2.2149999141693115
n -5.883699893951416 20.011499404907227 7.585370063781738 2.2149999141693115
n -5.883699893951416 20.011499404907227 7.585370063781738 0.6949999928474426
n -8.312270164489746 21.3518009185791 9.062439918518066 0.6949999928474426
n -10.877799987792969 23.024200439453125 10.467599868774414 0.6949999928474426
n -15.352899551391602 26.138099670410156 13.351400375366211 0.6949999928474426
n -17.323699951171875 27.609100341796875 14.714300155639648 0.41499999165534973
n -19.231000900268555 29.03860092163086 16.218599319458008 0.41499999165534973
n -23.725299835205078 32.48749923706055 19.892000198364258 0.5550000071525574
n -27.183900833129883 35.47959899902344 23.0049991607666 0.5550000071525574
n -31.28700065612793 39.438899993896484 26.99489974975586 0.5550000071525574
n -32.05540084838867 40.31999969482422 27.7721004486084 0.5550000071525574
n -35.0531005859375 44.200401306152344 30.971599578857422 0.5550000071525574
n -36.35139846801758 46.1614990234375 32.357398986816406 0.5550000071525574
n -37.666900634765625 48.355201721191406 33.509300231933594 0.41499999165534973
n -38.60530090332031 50.098201751708984 34.24409866333008 0.41499999165534973
n -39.22140121459961 51.609100341796875 34.41659927368164 0.41499999165534973
n -39.893001556396484 53.364898681640625 34.549400329589844 0.41499999165534973
n -40.58509826660156 55.36259841918945 34.54560089111328 0.41499999165534973
n -41.16469955444336 56.9463005065918 34.61669921875 0.41499999165534973
n -42.47529983520508 60.29890060424805 34.92490005493164 0.41499999165534973
n -43.19860076904297 61.96580123901367 35.42449951171875 0.41499999165534973
n -45.16490173339844 66.24469757080078 37.057098388671875 0.41499999165534973
n -45.57619857788086 67.09739685058594 37.49020004272461 0.41499999165534973
n -46.437801361083984 68.6698989868164 38.58399963378906 0.41499999165534973
n -47.06019973754883 69.72200012207031 39.570701599121094 0.41499999165534973
n -49.28089904785156 72.92739868164062 43.61949920654297 0.41499999165534973
n -53.34389877319336 77.95179748535156 49.017398834228516 0.41499999165534973
n -57.86119842529297 82.79060363769531 54.220298767089844 0.41499999165534973
n -61.18539810180664 88.44219970703125 59.50230026245117 0.41499999165534973
n -63.485801696777344 94.32150268554688 65.0728988647461 0.41499999165534973
n -64.60060119628906 99.49230194091797 71.62359619140625 0.41499999165534973
n -64.75689697265625 103.75599670410156 78.8823013305664 0.41499999165534973
n -66.55690002441406 107.55799865722656 86.1759033203125 0.41499999165534973
n -69.59459686279297 112.31700134277344 92.42160034179688 0.41499999165534973
n -71.38999938964844 115.4800033569336 100.01499938964844 0.41499999165534973
n -74.01090240478516 119.39600372314453 106.99299621582031 0.41499999165534973
n -76.4542007446289 123.375 113.9990005493164 0.41499999165534973
n -78.52490234375 128.39700317382812 120.43199920654297 0.41499999165534973
n -80.04199981689453 134.44700622558594 126.08699798583984 0.41499999165534973
n -82.2479019165039 139.92300415039062 132.09100341796875 0.41499999165534973
n -84.9031982421875 145.39700317382812 137.91099548339844 0.41499999165534973
n -88.0896987915039 151.41299438476562 142.86500549316406 0.41499999165534973
n -90.65560150146484 156.8470001220703 148.76300048828125 0.41499999165534973
n -91.98970031738281 162.71600341796875 154.64999389648438 0.41499999165534973
n -92.89469909667969 168.01800537109375 161.1280059814453 0.41499999165534973
n -94.81749725341797 172.33799743652344 168.093994140625 0.41499999165534973
n -96.39859771728516 176.23599243164062 175.38800048828125 0.41499999165534973
n -97.17279815673828 179.91299438476562 182.92300415039062 0.41499999165534973
n -5.883699893951416 20.011499404907227 7.585370063781738 2.2149999141693115
n -6.177090167999268 23.598899841308594 10.187600135803223 2.2149999141693115
n -6.177090167999268 23.598899841308594 10.187600135803223 0.9700000286102295
n -4.7772698402404785 25.813899993896484 10.6072998046875 0.9700000286102295
n -3.738149881362915 27.458099365234375 10.918800354003906 0.9700000286102295
n -2.3793399333953857 29.608200073242188 11.32610034942627 0.9700000286102295
n -2.3793399333953857 29.608200073242188 11.32610034942627 0.41499999165534973
n 0.12436509877443314 30.770099639892578 11.194299697875977 0.41499999165534973
n 2.1110498905181885 31.75429916381836 11.288599967956543 0.41499999165534973
n 4.033820152282715 32.88199996948242 11.271499633789062 0.41499999165534973
n 7.009479999542236 35.01259994506836 11.212800025939941 0.41499999165534973
n 8.856900215148926 36.53219985961914 11.181699752807617 0.41499999165534973
n 11.229499816894531 38.515201568603516 11.071700096130371 0.41499999165534973
n 13.333399772644043 40.200199127197266 10.541000366210938 0.41499999165534973
n 17.204700469970703 43.22890090942383 9.15429973602295 0.41499999165534973
n 19.733299255371094 45.257301330566406 8.037349700927734 0.41499999165534973
n 21.19339942932129 46.486698150634766 7.387159824371338 0.41499999165534973
n 23.81130027770996 48.78350067138672 5.909550189971924 0.41499999165534973
n 29.649200439453125 54.16019821166992 1.9325100183486938 0.41499999165534973
n 31.05270004272461 55.468101501464844 0.9157540202140808 0.41499999165534973
n 32.70949935913086 56.972900390625 -0.4607959985733032 0.41499999165534973
n 34.61220169067383 58.77949905395508 -2.0469300746917725 0.2750000059604645
n 38.55690002441406 62.980201721191406 -5.354479789733887 0.2750000059604645
n 39.84349822998047 64.7251968383789 -6.421979904174805 0.2750000059604645
n 40.690101623535156 66.09089660644531 -6.999660015106201 0.2750000059604645
n 45.39500045776367 73.61519622802734 -10.060500144958496 0.2750000059604645
n 48.92369842529297 79.01380157470703 -11.90310001373291 0.2750000059604645
n 50.12590026855469 80.89179992675781 -12.374300003051758 0.41499999165534973
n 51.17499923706055 82.4220962524414 -12.776399612426758 0.41499999165534973
n 52.55270004272461 84.28230285644531 -13.496899604797363 0.41499999165534973
n 53.421600341796875 85.40879821777344 -13.976499557495117 0.41499999165534973
n 54.67620086669922 86.96640014648438 -14.833200454711914 0.2750000059604645
n 56.04520034790039 88.55049896240234 -15.938699722290039 0.2750000059604645
n 61.1442985534668 94.62039947509766 -20.01449966430664 0.2750000059604645
n 61.999900817871094 95.66649627685547 -20.69059944152832 0.2750000059604645
n 64.32589721679688 98.77899932861328 -22.502899169921875 0.5550000071525574
n 67.50240325927734 103.26799774169922 -24.773700714111328 0.2750000059604645
n 68.21050262451172 104.31800079345703 -25.193500518798828 0.2750000059604645
n 70.30159759521484 107.57099914550781 -25.9906005859375 0.41499999165534973
n 71.48699951171875 109.68900299072266 -26.091899871826172 0.14000000059604645
n 72.98419952392578 112.51300048828125 -26.086999893188477 0.2750000059604645
n 73.69339752197266 113.84700012207031 -26.1382999420166 0.14000000059604645
n 74.73690032958984 115.81199645996094 -26.050199508666992 0.14000000059604645
n 76.0031967163086 118.10600280761719 -26.046899795532227 0.14000000059604645
n 76.37899780273438 118.70899963378906 -26.09869956970215 0.14000000059604645
n 77.21929931640625 119.93399810791016 -26.35059928894043 0.2750000059604645
n 81.66799926757812 125.52200317382812 -28.608800888061523 0.14000000059604645
n 81.66799926757812 125.52200317382812 -28.608800888061523 0.2750000059604645
n 84.31279754638672 128.7259979248047 -34.38029861450195 0.2750000059604645
n 84.84739685058594 129.51800537109375 -35.27239990234375 0.2750000059604645
n 88.9259033203125 135.7030029296875 -40.20859909057617 0.2750000059604645
n 89.69049835205078 136.96299743652344 -40.89080047607422 0.14000000059604645
n 90.52169799804688 138.4320068359375 -41.44129943847656 0.14000000059604645
n 90.52169799804688 138.4320068359375 -41.44129943847656 0.14000000059604645
n 92.38469696044922 141.1909942626953 -42.755401611328125 0.41499999165534973
n 94.4729995727539 144.08200073242188 -44.082698822021484 0.14000000059604645
n 96.15399932861328 146.60699462890625 -44.670101165771484 0.14000000059604645
n 97.15540313720703 148.13699340820312 -44.94020080566406 0.2750000059604645
n 98.54989624023438 150.35000610351562 -45.209598541259766 0.14000000059604645
n 104.96900177001953 160.0260009765625 -47.45589828491211 0.14000000059604645
n 105.54900360107422 160.90699768066406 -47.72800064086914 0.14000000059604645
n 109.6729965209961 167.55999755859375 -49.959999084472656 0.2750000059604645
n 110.86399841308594 169.55499267578125 -50.66310119628906 0.2750000059604645
n 111.79399871826172 171.24899291992188 -51.199501037597656 0.14000000059604645
n 115.7509994506836 179.43699645996094 -53.291500091552734 0.14000000059604645
n 117.15699768066406 182.89999389648438 -53.792999267578125 0.14000000059604645
n 117.81900024414062 184.4320068359375 -54.09600067138672 0.14000000059604645
n 119.45700073242188 187.87600708007812 -54.997398376464844 0.41499999165534973
n 119.96600341796875 188.9949951171875 -55.191200256347656 0.14000000059604645
n 120.56400299072266 190.41299438476562 -55.22760009765625 0.2750000059604645
n 120.98999786376953 191.51800537109375 -55.00469970703125 0.14000000059604645
n 122.09300231933594 193.6959991455078 -54.44860076904297 0.14000000059604645
n 122.88999938964844 194.9709930419922 -54.05739974975586 0.14000000059604645
n 124.02300262451172 196.468994140625 -53.51340103149414 0.2750000059604645
n 125.01200103759766 197.52699279785156 -53.212100982666016 0.2750000059604645
n 127.98300170898438 200.0709991455078 -52.609901428222656 0.14000000059604645
n 130.58399963378906 201.91099548339844 -52.462398529052734 0.41499999165534973
n 132.2209930419922 202.968994140625 -52.53450012207031 0.14000000059604645
n 134.58700561523438 204.5 -52.80630111694336 0.14000000059604645
n 139.30099487304688 207.5070037841797 -53.57320022583008 0.14000000059604645
n 141.7100067138672 209.10299682617188 -54.02470016479492 0.41499999165534973
n 144.9709930419922 211.52999877929688 -54.72740173339844 0.14000000059604645
n 146.77999877929688 213.1300048828125 -55.100101470947266 0.14000000059604645
n 148.39599609375 214.75799560546875 -55.31909942626953 0.14000000059604645
n 149.4510040283203 215.9969940185547 -55.35540008544922 0.14000000059604645
n 151.1909942626953 218.51499938964844 -54.956298828125 0.14000000059604645
n 152.49000549316406 220.73800659179688 -54.457801818847656 0.14000000059604645
n 153.24400329589844 222.22799682617188 -54.0088005065918 0.14000000059604645
n 153.93800354003906 223.58099365234375 -53.689701080322266 0.14000000059604645
n 155.14300537109375 225.94900512695312 -53.27899932861328 0.2750000059604645
n 156.6959991455078 229.11399841308594 -52.90610122680664 0.14000000059604645
n 158.15199279785156 231.81300354003906 -52.63880157470703 0.14000000059604645
n 159.52099609375 234.10699462890625 -52.418800354003906 0.14000000059604645
n 161.8419952392578 237.61099243164062 -52.03929901123047 0.14000000059604645
n 163.38999938964844 239.6490020751953 -51.761199951171875 0.14000000059604645
n 165.04400634765625 241.42100524902344 -51.52439880371094 0.2750000059604645
n 167.91200256347656 243.93899536132812 -51.1952018737793 0.14000000059604645
n 168.99600219726562 244.76400756835938 -51.02349853515625 0.2750000059604645
n 170.57899475097656 245.85499572753906 -50.6864013671875 0.14000000059604645
n 172.58900451660156 247.2270050048828 -50.12310028076172 0.14000000059604645
n 175.6230010986328 249.2689971923828 -49.31100082397461 0.14000000059604645
n 178.62100219726562 251.28199768066406 -48.4901008605957 0.14000000059604645
n 179.6540069580078 252.01699829101562 -48.19499969482422 0.2750000059604645
n 181.03900146484375 253.02999877929688 -47.760101318359375 0.14000000059604645
n 182.2030029296875 253.92599487304688 -47.255401611328125 0.14000000059604645
n 183.55999755859375 255.01100158691406 -46.50239944458008 0.14000000059604645
n 186.59500122070312 257.35400390625 -44.47100067138672 0.2750000059604645
n 188.05299377441406 258.3999938964844 -43.456600189208984 0.14000000059604645
n 189.71499633789062 259.45098876953125 -42.292701721191406 0.14000000059604645
n 193.38400268554688 261.39801025390625 -39.75859832763672 0.2750000059604645
n 195.24000549316406 262.2239990234375 -38.507301330566406 0.14000000059604645
n 197.56100463867188 263.1289978027344 -36.929100036621094 0.14000000059604645
n 199.64599609375 263.8070068359375 -35.50510025024414 0.14000000059604645
n 201.51499938964844 264.29400634765625 -34.27280044555664 0.14000000059604645
n 204.18800354003906 264.8190002441406 -32.66630172729492 0.14000000059604645
n 206.2550048828125 265.0740051269531 -31.726900100708008 0.14000000059604645
n 81.66799926757812 125.52200317382812 -28.608800888061523 0.14000000059604645
n 74.93370056152344 125.51399993896484 -26.188499450683594 0.14000000059604645
n 72.96589660644531 125.51200103759766 -25.481300354003906 0.14000000059604645
n 71.00669860839844 125.51000213623047 -24.77720069885254 0.14000000059604645
n 69.14620208740234 125.50700378417969 -24.10849952697754 0.14000000059604645
n -2.3793399333953857 29.608200073242188 11.32610034942627 0.8299999833106995
n 2.7232699394226074 25.949800491333008 17.58810043334961 0.8299999833106995
n 5.547070026397705 23.925199508666992 21.053499221801758 0.8299999833106995
n 7.327589988708496 22.64859962463379 23.23859977722168 0.8299999833106995
n 7.327589988708496 22.64859962463379 23.23859977722168 0.5550000071525574
n 7.9064202308654785 26.152599334716797 27.09309959411621 0.5550000071525574
n 8.984299659729004 31.207599639892578 32.33409881591797 0.5550000071525574
n 9.59037971496582 33.64080047607422 35.02939987182617 0.5550000071525574
n 10.319899559020996 36.12810134887695 37.763301849365234 0.41499999165534973
n 11.829999923706055 40.68470001220703 42.56209945678711 0.41499999165534973
n 12.923299789428711 44.03310012817383 46.2052001953125 0.41499999165534973
n 13.806099891662598 46.97489929199219 49.439998626708984 0.41499999165534973
n 15.395000457763672 51.602901458740234 53.9281005859375 0.2750000059604645
n 16.03860092163086 53.174800872802734 55.53070068359375 0.2750000059604645
n 16.814800262451172 55.0015983581543 57.21820068359375 0.2750000059604645
n 18.533700942993164 59.417701721191406 60.459598541259766 0.2750000059604645
n 20.632099151611328 66.33180236816406 65.1082992553711 0.2750000059604645
n 20.95490074157715 67.73280334472656 66.32599639892578 0.2750000059604645
n 21.928199768066406 74.00689697265625 71.40119934082031 0.2750000059604645
n 21.960500717163086 74.62239837646484 72.21869659423828 0.2750000059604645
n 21.95949935913086 75.03510284423828 73.14440155029297 0.2750000059604645
n 25.619800567626953 83.35269927978516 80.38890075683594 0.2750000059604645
n 30.90719985961914 92.55549621582031 85.12359619140625 0.2750000059604645
n 35.332298278808594 102.73500061035156 88.56890106201172 0.2750000059604645
n 39.27130126953125 113.37899780273438 91.068603515625 0.2750000059604645
n 43.913700103759766 123.45500183105469 94.53150177001953 0.2750000059604645
n 50.56520080566406 132.16099548339844 98.40650177001953 0.2750000059604645
n 55.697200775146484 141.61500549316406 102.80500030517578 0.2750000059604645
n 7.327589988708496 22.64859962463379 23.23859977722168 0.5550000071525574
n 14.989500045776367 20.516700744628906 22.94569969177246 0.5550000071525574
n 18.4778995513916 19.652700424194336 23.07080078125 0.5550000071525574
n 25.790000915527344 18.233400344848633 23.638700485229492 0.5550000071525574
n 30.627500534057617 17.60689926147461 24.245500564575195 0.5550000071525574
n 34.472900390625 17.281400680541992 24.823200225830078 0.5550000071525574
n 41.71039962768555 16.718000411987305 26.0049991607666 0.5550000071525574
n 49.630001068115234 16.512399673461914 27.626800537109375 0.5550000071525574
n 52.961700439453125 16.551300048828125 28.081899642944336 0.5550000071525574
n 57.11800003051758 16.767900466918945 28.106800079345703 0.41499999165534973
n 59.83610153198242 16.962200164794922 28.081300735473633 0.41499999165534973
n 61.7328987121582 17.01490020751953 28.05470085144043 0.41499999165534973
n 67.22959899902344 16.98550033569336 28.011899948120117 0.41499999165534973
n 69.22339630126953 16.9148006439209 27.778400421142578 0.41499999165534973
n 73.50440216064453 16.685400009155273 27.351699829101562 0.41499999165534973
n 76.56320190429688 16.528600692749023 27.121700286865234 0.41499999165534973
n 78.73770141601562 16.47130012512207 27.099599838256836 0.41499999165534973
n 81.02010345458984 16.451099395751953 27.24489974975586 0.41499999165534973
n 83.74259948730469 16.42099952697754 27.68939971923828 0.41499999165534973
n 86.1968994140625 16.427499771118164 28.019699096679688 0.41499999165534973
n 87.98930358886719 16.498899459838867 28.205299377441406 0.41499999165534973
n 90.1061019897461 16.63360023498535 28.251800537109375 0.41499999165534973
n 91.85320281982422 16.749300003051758 28.208999633789062 0.41499999165534973
n 94.02619934082031 16.85849952697754 28.063199996948242 0.41499999165534973
n 96.9175033569336 17.05389976501465 27.762800216674805 0.41499999165534973
n 98.99430084228516 17.2726993560791 27.553499221801758 0.41499999165534973
n 101.3499984741211 17.64240074157715 27.33880043029785 0.41499999165534973
n 103.48400115966797 18.110200881958008 27.180999755859375 0.41499999165534973
n 105.23500061035156 18.594200134277344 27.099899291992188 0.41499999165534973
n 107.56099700927734 19.269899368286133 27.098800659179688 0.41499999165534973
n 109.10700225830078 19.708599090576172 27.199199676513672 0.2750000059604645
n 109.927001953125 19.95439910888672 27.252199172973633 0.2750000059604645
n 111.14600372314453 20.296600341796875 27.179899215698242 0.2750000059604645
n 111.9530029296875 20.48419952392578 27.028900146484375 0.2750000059604645
n 113.67900085449219 20.834199905395508 26.531600952148438 0.2750000059604645
n 114.83499908447266 20.947599411010742 25.867399215698242 0.2750000059604645
n 115.83599853515625 20.955799102783203 25.138200759887695 0.2750000059604645
n 119.41600036621094 20.67140007019043 22.308900833129883 0.2750000059604645
n 120.66400146484375 20.476699829101562 21.295700073242188 0.2750000059604645
n 121.83000183105469 20.246599197387695 20.3799991607666 0.2750000059604645
n 126.59200286865234 19.15730094909668 16.877199172973633 0.2750000059604645
n 127.63400268554688 18.87700080871582 16.19860076904297 0.2750000059604645
n 129.11700439453125 18.374799728393555 15.437000274658203 0.2750000059604645
n 130.5760040283203 17.764400482177734 15.099499702453613 0.2750000059604645
n 132.4340057373047 16.792299270629883 14.998800277709961 0.2750000059604645
n 134.07000732421875 15.84749984741211 15.238200187683105 0.2750000059604645
n 134.97500610351562 15.341500282287598 15.540300369262695 0.41499999165534973
n 136.4600067138672 14.548500061035156 16.020099639892578 0.41499999165534973
n 139.66700744628906 12.907299995422363 17.169200897216797 0.41499999165534973
n 141.3040008544922 12.142000198364258 17.755300521850586 0.2750000059604645
n 143.18800354003906 11.388400077819824 18.374399185180664 0.2750000059604645
n 145.42599487304688 10.704099655151367 19.01289939880371 0.2750000059604645
n 147.31500244140625 10.279999732971191 19.461000442504883 0.2750000059604645
n 149.88299560546875 9.881890296936035 20.12019920349121 0.2750000059604645
n 153.0760040283203 9.582500457763672 20.921199798583984 0.41499999165534973
n 156.2530059814453 9.46741008758545 21.80940055847168 0.2750000059604645
n 158.6699981689453 9.446550369262695 22.34670066833496 0.2750000059604645
n 161.03500366210938 9.494649887084961 22.716699600219727 0.2750000059604645
n 165.29600524902344 9.639069557189941 23.02630043029785 0.2750000059604645
n 167.4219970703125 9.71465015411377 22.991100311279297 0.2750000059604645
n 169.7010040283203 9.747249603271484 22.8528995513916 0.2750000059604645
n 175.69400024414062 9.74917984008789 22.721599578857422 0.2750000059604645
n 178.11500549316406 9.744979858398438 22.718799591064453 0.2750000059604645
n 183.51400756835938 9.741530418395996 22.79640007019043 0.5550000071525574
n 185.03199768066406 9.738269805908203 22.974700927734375 0.2750000059604645
n 190.00999450683594 9.767589569091797 24.26580047607422 0.41499999165534973
n 194.43899536132812 9.84302043914795 25.986299514770508 0.2750000059604645
n 196.03700256347656 9.910630226135254 26.781700134277344 0.2750000059604645
n 198.4239959716797 10.05370044708252 28.03380012512207 0.2750000059604645
n 204.3280029296875 10.450799942016602 31.18079948425293 0.2750000059604645
n 205.68800354003906 10.53380012512207 31.826000213623047 0.14000000059604645
n 208.7689971923828 10.72070026397705 33.03300094604492 0.14000000059604645
n 211.43699645996094 10.876199722290039 33.74039840698242 0.14000000059604645
n 214.6739959716797 11.077400207519531 34.377201080322266 0.41499999165534973
n 217.50100708007812 11.311800003051758 34.668701171875 0.2750000059604645
n 219.7779998779297 11.524499893188477 34.64360046386719 0.2750000059604645
n 222.05099487304688 11.741700172424316 34.61439895629883 0.2750000059604645
n 224.37100219726562 12.02750015258789 34.58340072631836 0.2750000059604645
n 225.88699340820312 12.281299591064453 34.593299865722656 0.14000000059604645
n 226.94200134277344 12.508500099182129 34.63290023803711 0.14000000059604645
n 228.68899536132812 12.935799598693848 34.76359939575195 0.2750000059604645
n 231.0030059814453 13.49120044708252 35.02730178833008 0.2750000059604645
n 232.8470001220703 13.876700401306152 35.254600524902344 0.2750000059604645
n 234.2969970703125 14.128000259399414 35.447601318359375 0.2750000059604645
n 236.64300537109375 14.53320026397705 35.782501220703125 0.2750000059604645
n 238.48399353027344 14.84589958190918 36.06420135498047 0.2750000059604645
n 249.23800659179688 14.802900314331055 34.830299377441406 0.2750000059604645
n 259.9419860839844 16.123600006103516 33.90850067138672 0.2750000059604645
n 270.71600341796875 16.736400604248047 34.76380157470703 0.2750000059604645
n 281.04901123046875 15.451600074768066 37.7223014831543 0.2750000059604645
n 291.35699462890625 12.192099571228027 38.26369857788086 0.2750000059604645
n 301.18701171875 7.750160217285156 37.363399505615234 0.2750000059604645
n 311.5690002441406 4.969089984893799 36.081298828125 0.2750000059604645
n 321.9700012207031 1.9970799684524536 35.66960144042969 0.2750000059604645
n 332.5610046386719 0.13140499591827393 34.43410110473633 0.2750000059604645
n 343.38299560546875 -0.10933500528335571 34.33340072631836 0.2750000059604645
n 354.0790100097656 1.091249942779541 35.479000091552734 0.2750000059604645
n 364.25 3.198460102081299 38.528499603271484 0.2750000059604645
n -6.177090167999268 23.598899841308594 10.187600135803223 1.2450000047683716
n -7.512810230255127 24.79509925842285 10.916999816894531 1.2450000047683716
n -8.643360137939453 25.881999969482422 11.693599700927734 0.5550000071525574
n -10.050000190734863 27.281999588012695 12.651300430297852 0.5550000071525574
n -11.729100227355957 28.921499252319336 13.873200416564941 0.5550000071525574
n -13.093799591064453 30.267000198364258 15.02910041809082 0.5550000071525574
n -16.498600006103516 33.73429870605469 18.440099716186523 0.41499999165534973
n -17.247699737548828 34.565101623535156 19.3528995513916 0.41499999165534973
n -18.108800888061523 35.65520095825195 20.729400634765625 0.41499999165534973
n -19.25279998779297 37.42430114746094 23.09280014038086 0.41499999165534973
n -20.31909942626953 39.54679870605469 25.850099563598633 0.41499999165534973
n -21.246599197387695 41.57659912109375 28.63330078125 0.41499999165534973
n -21.703399658203125 42.59260177612305 29.9773006439209 0.41499999165534973
n -22.58300018310547 44.646400451660156 32.622798919677734 0.41499999165534973
n -22.97949981689453 45.63180160522461 33.90060043334961 0.41499999165534973
n -23.37649917602539 46.701499938964844 35.09629821777344 0.41499999165534973
n -24.062000274658203 48.64789962768555 36.965999603271484 0.41499999165534973
n -24.401899337768555 49.69900131225586 37.8843994140625 0.41499999165534973
n -24.8799991607666 51.389198303222656 39.32400131225586 0.41499999165534973
n -25.968399047851562 56.05030059814453 42.912601470947266 0.41499999165534973
n -26.13759994506836 57.61800003051758 44.10810089111328 0.41499999165534973
n -26.032100677490234 58.92829895019531 44.98720169067383 0.41499999165534973
n -25.715999603271484 60.00559997558594 45.562801361083984 0.41499999165534973
n -25.204299926757812 61.05039978027344 46.0369987487793 0.41499999165534973
n -24.559799194335938 61.97990036010742 46.33190155029297 0.2750000059604645
n -23.546499252319336 63.17539978027344 46.36859893798828 0.2750000059604645
n -22.317699432373047 64.51370239257812 46.39350128173828 0.14000000059604645
n -21.32110023498535 65.63680267333984 46.387001037597656 0.14000000059604645
n -20.41390037536621 66.70269775390625 46.354698181152344 0.14000000059604645
n -19.730600357055664 67.497802734375 46.314998626708984 0.14000000059604645
n -18.39620018005371 68.88580322265625 46.218299865722656 0.14000000059604645
n -17.596500396728516 69.6510009765625 46.214698791503906 0.14000000059604645
n -18.787700653076172 75.8988037109375 52.44929885864258 0.14000000059604645
n -19.364999771118164 81.52639770507812 59.32809829711914 0.14000000059604645
n -19.773700714111328 87.54550170898438 65.87989807128906 0.14000000059604645
n -20.101900100708008 93.6355972290039 72.37039947509766 0.14000000059604645
n -19.173900604248047 100.58599853515625 77.86190032958984 0.14000000059604645
n -19.64900016784668 108.39900207519531 82.11060333251953 0.14000000059604645
n -19.19610023498535 116.89199829101562 84.75370025634766 0.14000000059604645
n -19.543500900268555 125.16899871826172 88.02330017089844 0.14000000059604645
n -21.137699127197266 133.0780029296875 91.7958984375 0.14000000059604645
n -22.354900360107422 140.28799438476562 96.88089752197266 0.14000000059604645
n -24.673599243164062 146.8280029296875 102.46399688720703 0.14000000059604645
n -26.123899459838867 154.4810028076172 106.78299713134766 0.14000000059604645
n -26.735300064086914 162.35499572753906 110.9010009765625 0.14000000059604645
n -25.98780059814453 169.20199584960938 116.5469970703125 0.14000000059604645
n -23.823699951171875 175.66099548339844 122.28500366210938 0.14000000059604645
n -23.823699951171875 175.66099548339844 122.28500366210938 0.14000000059604645
n -22.04960060119629 185.94200134277344 128.2790069580078 0.14000000059604645
n -20.349700927734375 195.6510009765625 135.1790008544922 0.14000000059604645
n -17.325899124145508 204.65899658203125 142.56100463867188 0.14000000059604645
n -12.925600051879883 214.1020050048828 148.58099365234375 0.14000000059604645
n -8.900930404663086 222.52200317382812 156.1750030517578 0.14000000059604645
n -3.475100040435791 230.70700073242188 163.12899780273438 0.14000000059604645
n 2.0450100898742676 238.927001953125 169.96400451660156 0.14000000059604645
n 7.943759918212891 245.36599731445312 178.24200439453125 0.14000000059604645
n 15.77750015258789 251.65699768066406 184.86300659179688 0.14000000059604645
n 24.52280044555664 258.4330139160156 189.593994140625 0.14000000059604645
n 32.850399017333984 265.9119873046875 194.00900268554688 0.14000000059604645
n 41.5973014831543 273.0069885253906 198.24200439453125 0.14000000059604645
n 50.07400131225586 279.531005859375 203.7519989013672 0.14000000059604645
n 58.86029815673828 285.6969909667969 209.18899536132812 0.14000000059604645
n 58.86029815673828 285.6969909667969 209.18899536132812 0.14000000059604645
n 58.64580154418945 288.7980041503906 198.07200622558594 0.14000000059604645
n 59.00339889526367 290.447998046875 186.65199279785156 0.14000000059604645
n 58.86029815673828 285.6969909667969 209.18899536132812 0.14000000059604645
n 57.65719985961914 280.0920104980469 220.69200134277344 0.14000000059604645
n 58.757598876953125 275.43701171875 232.6199951171875 0.14000000059604645
n 60.8474006652832 273.343994140625 245.1269989013672 0.14000000059604645
n 65.28140258789062 272.3940124511719 257.15301513671875 0.14000000059604645
n 67.51090240478516 271.656005859375 269.7879943847656 0.14000000059604645
n 68.91539764404297 272.72100830078125 282.5190124511719 0.14000000059604645
n -23.823699951171875 175.66099548339844 122.28500366210938 0.14000000059604645
n -25.813400268554688 184.8719940185547 129.54800415039062 0.14000000059604645
n -26.757600784301758 193.4199981689453 137.76800537109375 0.14000000059604645
n -26.028799057006836 202.9429931640625 144.86300659179688 0.14000000059604645
n -25.191600799560547 212.20700073242188 152.27999877929688 0.14000000059604645
n -24.735700607299805 220.90899658203125 160.3800048828125 0.14000000059604645
n -25.870399475097656 229.2050018310547 168.83200073242188 0.14000000059604645
n -28.053300857543945 236.46800231933594 177.99899291992188 0.14000000059604645
n -28.861499786376953 245.03700256347656 186.21299743652344 0.14000000059604645
n -28.997499465942383 254.2030029296875 193.7969970703125 0.14000000059604645
n -30.878599166870117 263.97198486328125 200.3209991455078 0.14000000059604645
n -30.27519989013672 274.7019958496094 205.42599487304688 0.14000000059604645
n -29.794200897216797 285.37298583984375 210.66400146484375 0.14000000059604645
n -29.794200897216797 285.37298583984375 210.66400146484375 0.14000000059604645
n -23.159799575805664 287.60198974609375 205.58599853515625 0.14000000059604645
n -16.73710060119629 291.3450012207031 201.17100524902344 0.14000000059604645
n -9.750749588012695 294.8320007324219 197.45700073242188 0.14000000059604645
n -3.735490083694458 299.8389892578125 193.781005859375 0.14000000059604645
n 2.1333000659942627 305.0329895019531 190.12899780273438 0.14000000059604645
n 7.491650104522705 310.2359924316406 185.77200317382812 0.14000000059604645
n 12.063699722290039 314.66400146484375 179.9199981689453 0.14000000059604645
n 17.673799514770508 316.95001220703125 173.75 0.14000000059604645
n 22.372900009155273 319.572998046875 166.98300170898438 0.14000000059604645
n 28.244199752807617 320.5249938964844 160.70700073242188 0.14000000059604645
n 32.96820068359375 321.4410095214844 153.5229949951172 0.14000000059604645
n -29.794200897216797 285.37298583984375 210.66400146484375 0.14000000059604645
n -34.73350143432617 292.28900146484375 220.8780059814453 0.14000000059604645
n -40.83409881591797 297.3429870605469 231.5449981689453 0.14000000059604645
n -49.069801330566406 300.25299072265625 241.55799865722656 0.14000000059604645
s 0 2
s 3 58
s 59 60
s 61 63
s 64 125
s 126 129
s 130 179
s 180 221
s 222 259
s 260 266
s 267 271
s 272 305
s 306 328
s 329 345
s 346 353
s 354 412
s 413 414
s 415 471
s 472 513
s 514 517
s 518 550
s 551 591
s 592 593
s 594 676
s 677 678
s 679 723
s 724 725
s 726 772
s 773 774
s 775 778
s 779 819
s 820 888
s 889 893
s 894 897
s 898 921
s 922 1019
s 1020 1066
s 1067 1081
s 1082 1084
s 1085 1091
s 1092 1104
s 1105 1116
s 1117 1120
